Start auto log messages stack - Iteration 1.	[MsgId: MMSG-10545]
Starting action Action.	[MsgId: MMSG-15919]
Action.c(3): Notify: Transaction "S3_Viewing_available_flights" started.	[MsgId: MMSG-16999]
Action.c(5): web_set_sockets_option started  	[MsgId: MMSG-26355]
Action.c(5): web_set_sockets_option was successful  	[MsgId: MMSG-26392]
Action.c(7): web_reg_save_param_ex started  	[MsgId: MMSG-26355]
Action.c(7): Registering web_reg_save_param_ex was successful  	[MsgId: MMSG-26390]
Action.c(13): web_url("welcome.pl") started  	[MsgId: MMSG-26355]
Action.c(13): Error -27792: Failed to connect to server "localhost:1080": [10061] Connection refused  	[MsgId: MERR-27792]
Action.c(13): Error -26377: No match found for the requested parameter "userSession". Either the specified boundaries were not found in the response or the matched text is longer than current max html parameter size of 256 bytes. The total length of the response is 0 bytes. You can use "web_set_max_html_param_len" to increase the max parameter size.  	[MsgId: MERR-26377]
Action.c(13): Error -26374: The above "not found" error(s) may be explained by header and body byte counts being 0 and 0, respectively.  	[MsgId: MERR-26374]
End auto log messages stack.	[MsgId: MMSG-10544]


Start auto log messages stack - Iteration 1.	[MsgId: MMSG-10545]
Starting action Action.	[MsgId: MMSG-15919]
Action.c(3): Notify: Transaction "S3_Viewing_available_flights" started.	[MsgId: MMSG-16999]
Action.c(5): web_set_sockets_option started  	[MsgId: MMSG-26355]
Action.c(5): web_set_sockets_option was successful  	[MsgId: MMSG-26392]
Action.c(7): web_reg_save_param_ex started  	[MsgId: MMSG-26355]
Action.c(7): Registering web_reg_save_param_ex was successful  	[MsgId: MMSG-26390]
Action.c(13): web_url("welcome.pl") started  	[MsgId: MMSG-26355]
Action.c(13): Error -27792: Failed to connect to server "localhost:1080": [10061] Connection refused  	[MsgId: MERR-27792]
Action.c(13): Error -26377: No match found for the requested parameter "userSession". Either the specified boundaries were not found in the response or the matched text is longer than current max html parameter size of 256 bytes. The total length of the response is 0 bytes. You can use "web_set_max_html_param_len" to increase the max parameter size.  	[MsgId: MERR-26377]
Action.c(13): Error -26374: The above "not found" error(s) may be explained by header and body byte counts being 0 and 0, respectively.  	[MsgId: MERR-26374]
End auto log messages stack.	[MsgId: MMSG-10544]


