Virtual User Script started at: 12.12.2019 23:12:14
Starting action vuser_init.
Web Turbo Replay of LoadRunner 12.55.0 for Windows 10; build 911 (èþë 24 2017 19:46:00)  	[MsgId: MMSG-26983]
Run mode: HTML  	[MsgId: MMSG-26993]
Replay user agent: Mozilla/5.0 (Windows NT 10.0; Win64; x64; rv:71.0) Gecko/20100101 Firefox/71.0  	[MsgId: MMSG-26988]
Run-Time Settings file: "C:\Users\angel\Documents\GitHub\Training_Aplana\HW_SHAK_1\\default.cfg"  	[MsgId: MMSG-27141]
Ending action vuser_init.
Running Vuser...
Starting iteration 1.
Maximum number of concurrent connections per server: 6  	[MsgId: MMSG-26989]
Starting action Action.
Action.c(3): Notify: Transaction "S1_Buy_one_ticket" started.
Action.c(5): web_set_sockets_option started  	[MsgId: MMSG-26355]
Action.c(5): web_set_sockets_option was successful  	[MsgId: MMSG-26392]
Action.c(7): web_reg_save_param_ex started  	[MsgId: MMSG-26355]
Action.c(7): Registering web_reg_save_param_ex was successful  	[MsgId: MMSG-26390]
Action.c(13): web_url("welcome.pl") started  	[MsgId: MMSG-26355]
Action.c(13): Detected non-resource "http://localhost:1080/cgi-bin/nav.pl?in=home" in "http://localhost:1080/cgi-bin/welcome.pl?signOff=true"  	[MsgId: MMSG-26574]
Action.c(13): Detected non-resource "http://localhost:1080/WebTours/home.html" in "http://localhost:1080/cgi-bin/welcome.pl?signOff=true"  	[MsgId: MMSG-26574]
Action.c(13): Found resource "http://localhost:1080/WebTours/images/mer_login.gif" in HTML "http://localhost:1080/cgi-bin/nav.pl?in=home"  	[MsgId: MMSG-26659]
Action.c(13): web_url("welcome.pl") was successful, 4215 body bytes, 1180 header bytes, 24 chunking overhead bytes  	[MsgId: MMSG-26385]
Action.c(23): Notify: Transaction "T11_Login" started.
Action.c(25): web_reg_find started  	[MsgId: MMSG-26355]
Action.c(25): Registering web_reg_find was successful  	[MsgId: MMSG-26390]
Action.c(26): web_submit_data("login.pl") started  	[MsgId: MMSG-26355]
Action.c(26): Detected non-resource "http://localhost:1080/cgi-bin/nav.pl?page=menu&in=home" in "http://localhost:1080/cgi-bin/login.pl"  	[MsgId: MMSG-26574]
Action.c(26): Detected non-resource "http://localhost:1080/cgi-bin/login.pl?intro=true" in "http://localhost:1080/cgi-bin/login.pl"  	[MsgId: MMSG-26574]
Action.c(26): Found resource "http://localhost:1080/WebTours/images/flights.gif" in HTML "http://localhost:1080/cgi-bin/nav.pl?page=menu&in=home"  	[MsgId: MMSG-26659]
Action.c(26): Found resource "http://localhost:1080/WebTours/images/itinerary.gif" in HTML "http://localhost:1080/cgi-bin/nav.pl?page=menu&in=home"  	[MsgId: MMSG-26659]
Action.c(26): Found resource "http://localhost:1080/WebTours/images/in_home.gif" in HTML "http://localhost:1080/cgi-bin/nav.pl?page=menu&in=home"  	[MsgId: MMSG-26659]
Action.c(26): Found resource "http://localhost:1080/WebTours/images/signoff.gif" in HTML "http://localhost:1080/cgi-bin/nav.pl?page=menu&in=home"  	[MsgId: MMSG-26659]
Action.c(26): Registered web_reg_find successful for "Text=User password was correct" (count=1)  	[MsgId: MMSG-26364]
Action.c(26): web_submit_data("login.pl") was successful, 5779 body bytes, 2032 header bytes, 36 chunking overhead bytes  	[MsgId: MMSG-26385]
Action.c(42): Notify: Transaction "T11_Login" ended with a "Pass" status (Duration: 0,2982 Wasted Time: 0,0123).
Action.c(45): Notify: Transaction "T12_Search_Flights_Button" started.
Action.c(47): web_url("Search Flights Button") started  	[MsgId: MMSG-26355]
Action.c(47): Detected non-resource "http://localhost:1080/cgi-bin/nav.pl?page=menu&in=flights" in "http://localhost:1080/cgi-bin/welcome.pl?page=search"  	[MsgId: MMSG-26574]
Action.c(47): Detected non-resource "http://localhost:1080/cgi-bin/reservations.pl?page=welcome" in "http://localhost:1080/cgi-bin/welcome.pl?page=search"  	[MsgId: MMSG-26574]
Action.c(47): Found resource "http://localhost:1080/WebTours/images/in_flights.gif" in HTML "http://localhost:1080/cgi-bin/nav.pl?page=menu&in=flights"  	[MsgId: MMSG-26659]
Action.c(47): Resource "http://localhost:1080/WebTours/images/itinerary.gif" is in the cache already and will not be downloaded again  	[MsgId: MMSG-26655]
Action.c(47): Found resource "http://localhost:1080/WebTours/images/home.gif" in HTML "http://localhost:1080/cgi-bin/nav.pl?page=menu&in=flights"  	[MsgId: MMSG-26659]
Action.c(47): Resource "http://localhost:1080/WebTours/images/signoff.gif" is in the cache already and will not be downloaded again  	[MsgId: MMSG-26655]
Action.c(47): Found resource "http://localhost:1080/WebTours/images/button_next.gif" in HTML "http://localhost:1080/cgi-bin/reservations.pl?page=welcome"  	[MsgId: MMSG-26659]
Action.c(47): web_url("Search Flights Button") was successful, 8516 body bytes, 1616 header bytes, 43 chunking overhead bytes  	[MsgId: MMSG-26385]
Action.c(56): Notify: Transaction "T12_Search_Flights_Button" ended with a "Pass" status (Duration: 0,2602 Wasted Time: 0,0088).
Action.c(59): Notify: Transaction "T13_Find_Flight" started.
Action.c(61): web_submit_data("reservations.pl") started  	[MsgId: MMSG-26355]
Action.c(61): web_submit_data("reservations.pl") was successful, 717 body bytes, 255 header bytes, 12 chunking overhead bytes  	[MsgId: MMSG-26385]
Action.c(84): Notify: Transaction "T13_Find_Flight" ended with a "Pass" status (Duration: 0,1432 Wasted Time: 0,0060).
Action.c(86): Notify: Transaction "T14_Choose_flight" started.
Action.c(88): web_submit_data("reservations.pl_2") started  	[MsgId: MMSG-26355]
Action.c(88): Resource "http://localhost:1080/WebTours/images/button_next.gif" is in the cache already and will not be downloaded again  	[MsgId: MMSG-26655]
Action.c(88): web_submit_data("reservations.pl_2") was successful, 2696 body bytes, 255 header bytes, 12 chunking overhead bytes  	[MsgId: MMSG-26385]
Action.c(105): Notify: Transaction "T14_Choose_flight" ended with a "Pass" status (Duration: 0,1597 Wasted Time: 0,0065).
Action.c(108): Notify: Transaction "T15_Ticket_payment" started.
Action.c(110): web_submit_data("reservations.pl_3") started  	[MsgId: MMSG-26355]
Action.c(110): Found resource "http://localhost:1080/WebTours/images/bookanother.gif" in HTML "http://localhost:1080/cgi-bin/reservations.pl"  	[MsgId: MMSG-26659]
Action.c(110): web_submit_data("reservations.pl_3") was successful, 3270 body bytes, 658 header bytes, 12 chunking overhead bytes  	[MsgId: MMSG-26385]
Action.c(138): Notify: Transaction "T15_Ticket_payment" ended with a "Pass" status (Duration: 0,1278 Wasted Time: 0,0063).
Action.c(141): Notify: Transaction "T16_Book_Another_Button" started.
Action.c(143): web_submit_data("reservations.pl_4") started  	[MsgId: MMSG-26355]
Action.c(143): Resource "http://localhost:1080/WebTours/images/button_next.gif" is in the cache already and will not be downloaded again  	[MsgId: MMSG-26655]
Action.c(143): web_submit_data("reservations.pl_4") was successful, 4246 body bytes, 255 header bytes, 19 chunking overhead bytes  	[MsgId: MMSG-26385]
Action.c(155): Notify: Transaction "T16_Book_Another_Button" ended with a "Pass" status (Duration: 0,1672 Wasted Time: 0,0066).
Action.c(157): Notify: Transaction "S1_Buy_one_ticket" ended with a "Pass" status (Duration: 1,7649 Wasted Time: 0,1749).
Ending action Action.
Ending iteration 1.
Ending Vuser...
Starting action vuser_end.
Ending action vuser_end.
Vuser Terminated.
