Start auto log messages stack - Iteration 1.	[MsgId: MMSG-10545]
Action.c(23): Notify: Transaction "T11_Login" started.	[MsgId: MMSG-16999]
Action.c(25): web_reg_find started  	[MsgId: MMSG-26355]
Action.c(25): Registering web_reg_find was successful  	[MsgId: MMSG-26390]
Action.c(26): web_submit_data("login.pl") started  	[MsgId: MMSG-26355]
Action.c(26): Detected non-resource "http://localhost:1080/cgi-bin/nav.pl?username=jojo&password={password}" in "http://localhost:1080/cgi-bin/login.pl"  	[MsgId: MMSG-26574]
Action.c(26): Detected non-resource "http://localhost:1080/cgi-bin/error.pl?error=badPassword" in "http://localhost:1080/cgi-bin/login.pl"  	[MsgId: MMSG-26574]
Action.c(26): Resource "http://localhost:1080/WebTours/images/mer_login.gif" is in the cache already and will not be downloaded again  	[MsgId: MMSG-26655]
Action.c(26): Error -26366: "Text=User password was correct" not found for web_reg_find  	[MsgId: MERR-26366]
End auto log messages stack.	[MsgId: MMSG-10544]


Start auto log messages stack - Iteration 2.	[MsgId: MMSG-10545]
Action.c(23): Notify: Transaction "T11_Login" started.	[MsgId: MMSG-16999]
Action.c(25): web_reg_find started  	[MsgId: MMSG-26355]
Action.c(25): Registering web_reg_find was successful  	[MsgId: MMSG-26390]
Action.c(26): web_submit_data("login.pl") started  	[MsgId: MMSG-26355]
Action.c(26): Detected non-resource "http://localhost:1080/cgi-bin/nav.pl?username=jojo&password={password}" in "http://localhost:1080/cgi-bin/login.pl"  	[MsgId: MMSG-26574]
Action.c(26): Detected non-resource "http://localhost:1080/cgi-bin/error.pl?error=badPassword" in "http://localhost:1080/cgi-bin/login.pl"  	[MsgId: MMSG-26574]
Action.c(26): Resource "http://localhost:1080/WebTours/images/mer_login.gif" is in the cache already and will not be downloaded again  	[MsgId: MMSG-26655]
Action.c(26): Error -26366: "Text=User password was correct" not found for web_reg_find  	[MsgId: MERR-26366]
End auto log messages stack.	[MsgId: MMSG-10544]


Start auto log messages stack - Iteration 3.	[MsgId: MMSG-10545]
Action.c(23): Notify: Transaction "T11_Login" started.	[MsgId: MMSG-16999]
Action.c(25): web_reg_find started  	[MsgId: MMSG-26355]
Action.c(25): Registering web_reg_find was successful  	[MsgId: MMSG-26390]
Action.c(26): web_submit_data("login.pl") started  	[MsgId: MMSG-26355]
Action.c(26): Detected non-resource "http://localhost:1080/cgi-bin/nav.pl?username=jojo&password={password}" in "http://localhost:1080/cgi-bin/login.pl"  	[MsgId: MMSG-26574]
Action.c(26): Detected non-resource "http://localhost:1080/cgi-bin/error.pl?error=badPassword" in "http://localhost:1080/cgi-bin/login.pl"  	[MsgId: MMSG-26574]
Action.c(26): Resource "http://localhost:1080/WebTours/images/mer_login.gif" is in the cache already and will not be downloaded again  	[MsgId: MMSG-26655]
Action.c(26): Error -26366: "Text=User password was correct" not found for web_reg_find  	[MsgId: MERR-26366]
End auto log messages stack.	[MsgId: MMSG-10544]


Start auto log messages stack - Iteration 4.	[MsgId: MMSG-10545]
Action.c(23): Notify: Transaction "T11_Login" started.	[MsgId: MMSG-16999]
Action.c(25): web_reg_find started  	[MsgId: MMSG-26355]
Action.c(25): Registering web_reg_find was successful  	[MsgId: MMSG-26390]
Action.c(26): web_submit_data("login.pl") started  	[MsgId: MMSG-26355]
Action.c(26): Detected non-resource "http://localhost:1080/cgi-bin/nav.pl?username=jojo&password={password}" in "http://localhost:1080/cgi-bin/login.pl"  	[MsgId: MMSG-26574]
Action.c(26): Detected non-resource "http://localhost:1080/cgi-bin/error.pl?error=badPassword" in "http://localhost:1080/cgi-bin/login.pl"  	[MsgId: MMSG-26574]
Action.c(26): Resource "http://localhost:1080/WebTours/images/mer_login.gif" is in the cache already and will not be downloaded again  	[MsgId: MMSG-26655]
Action.c(26): Error -26366: "Text=User password was correct" not found for web_reg_find  	[MsgId: MERR-26366]
End auto log messages stack.	[MsgId: MMSG-10544]


Start auto log messages stack - Iteration 5.	[MsgId: MMSG-10545]
Action.c(23): Notify: Transaction "T11_Login" started.	[MsgId: MMSG-16999]
Action.c(25): web_reg_find started  	[MsgId: MMSG-26355]
Action.c(25): Registering web_reg_find was successful  	[MsgId: MMSG-26390]
Action.c(26): web_submit_data("login.pl") started  	[MsgId: MMSG-26355]
Action.c(26): Detected non-resource "http://localhost:1080/cgi-bin/nav.pl?username=jojo&password={password}" in "http://localhost:1080/cgi-bin/login.pl"  	[MsgId: MMSG-26574]
Action.c(26): Detected non-resource "http://localhost:1080/cgi-bin/error.pl?error=badPassword" in "http://localhost:1080/cgi-bin/login.pl"  	[MsgId: MMSG-26574]
Action.c(26): Resource "http://localhost:1080/WebTours/images/mer_login.gif" is in the cache already and will not be downloaded again  	[MsgId: MMSG-26655]
Action.c(26): Error -26366: "Text=User password was correct" not found for web_reg_find  	[MsgId: MERR-26366]
End auto log messages stack.	[MsgId: MMSG-10544]


Start auto log messages stack - Iteration 6.	[MsgId: MMSG-10545]
Action.c(23): Notify: Transaction "T11_Login" started.	[MsgId: MMSG-16999]
Action.c(25): web_reg_find started  	[MsgId: MMSG-26355]
Action.c(25): Registering web_reg_find was successful  	[MsgId: MMSG-26390]
Action.c(26): web_submit_data("login.pl") started  	[MsgId: MMSG-26355]
Action.c(26): Detected non-resource "http://localhost:1080/cgi-bin/nav.pl?username=jojo&password={password}" in "http://localhost:1080/cgi-bin/login.pl"  	[MsgId: MMSG-26574]
Action.c(26): Detected non-resource "http://localhost:1080/cgi-bin/error.pl?error=badPassword" in "http://localhost:1080/cgi-bin/login.pl"  	[MsgId: MMSG-26574]
Action.c(26): Resource "http://localhost:1080/WebTours/images/mer_login.gif" is in the cache already and will not be downloaded again  	[MsgId: MMSG-26655]
Action.c(26): Error -26366: "Text=User password was correct" not found for web_reg_find  	[MsgId: MERR-26366]
End auto log messages stack.	[MsgId: MMSG-10544]


Start auto log messages stack - Iteration 7.	[MsgId: MMSG-10545]
Action.c(23): Notify: Transaction "T11_Login" started.	[MsgId: MMSG-16999]
Action.c(25): web_reg_find started  	[MsgId: MMSG-26355]
Action.c(25): Registering web_reg_find was successful  	[MsgId: MMSG-26390]
Action.c(26): web_submit_data("login.pl") started  	[MsgId: MMSG-26355]
Action.c(26): Detected non-resource "http://localhost:1080/cgi-bin/nav.pl?username=jojo&password={password}" in "http://localhost:1080/cgi-bin/login.pl"  	[MsgId: MMSG-26574]
Action.c(26): Detected non-resource "http://localhost:1080/cgi-bin/error.pl?error=badPassword" in "http://localhost:1080/cgi-bin/login.pl"  	[MsgId: MMSG-26574]
Action.c(26): Resource "http://localhost:1080/WebTours/images/mer_login.gif" is in the cache already and will not be downloaded again  	[MsgId: MMSG-26655]
Action.c(26): Error -26366: "Text=User password was correct" not found for web_reg_find  	[MsgId: MERR-26366]
End auto log messages stack.	[MsgId: MMSG-10544]


Start auto log messages stack - Iteration 8.	[MsgId: MMSG-10545]
Action.c(23): Notify: Transaction "T11_Login" started.	[MsgId: MMSG-16999]
Action.c(25): web_reg_find started  	[MsgId: MMSG-26355]
Action.c(25): Registering web_reg_find was successful  	[MsgId: MMSG-26390]
Action.c(26): web_submit_data("login.pl") started  	[MsgId: MMSG-26355]
Action.c(26): Detected non-resource "http://localhost:1080/cgi-bin/nav.pl?username=jojo&password={password}" in "http://localhost:1080/cgi-bin/login.pl"  	[MsgId: MMSG-26574]
Action.c(26): Detected non-resource "http://localhost:1080/cgi-bin/error.pl?error=badPassword" in "http://localhost:1080/cgi-bin/login.pl"  	[MsgId: MMSG-26574]
Action.c(26): Resource "http://localhost:1080/WebTours/images/mer_login.gif" is in the cache already and will not be downloaded again  	[MsgId: MMSG-26655]
Action.c(26): Error -26366: "Text=User password was correct" not found for web_reg_find  	[MsgId: MERR-26366]
End auto log messages stack.	[MsgId: MMSG-10544]


Start auto log messages stack - Iteration 9.	[MsgId: MMSG-10545]
Action.c(23): Notify: Transaction "T11_Login" started.	[MsgId: MMSG-16999]
Action.c(25): web_reg_find started  	[MsgId: MMSG-26355]
Action.c(25): Registering web_reg_find was successful  	[MsgId: MMSG-26390]
Action.c(26): web_submit_data("login.pl") started  	[MsgId: MMSG-26355]
Action.c(26): Detected non-resource "http://localhost:1080/cgi-bin/nav.pl?username=jojo&password={password}" in "http://localhost:1080/cgi-bin/login.pl"  	[MsgId: MMSG-26574]
Action.c(26): Detected non-resource "http://localhost:1080/cgi-bin/error.pl?error=badPassword" in "http://localhost:1080/cgi-bin/login.pl"  	[MsgId: MMSG-26574]
Action.c(26): Resource "http://localhost:1080/WebTours/images/mer_login.gif" is in the cache already and will not be downloaded again  	[MsgId: MMSG-26655]
Action.c(26): Error -26366: "Text=User password was correct" not found for web_reg_find  	[MsgId: MERR-26366]
End auto log messages stack.	[MsgId: MMSG-10544]


Start auto log messages stack - Iteration 10.	[MsgId: MMSG-10545]
Action.c(23): Notify: Transaction "T11_Login" started.	[MsgId: MMSG-16999]
Action.c(25): web_reg_find started  	[MsgId: MMSG-26355]
Action.c(25): Registering web_reg_find was successful  	[MsgId: MMSG-26390]
Action.c(26): web_submit_data("login.pl") started  	[MsgId: MMSG-26355]
Action.c(26): Detected non-resource "http://localhost:1080/cgi-bin/nav.pl?username=jojo&password={password}" in "http://localhost:1080/cgi-bin/login.pl"  	[MsgId: MMSG-26574]
Action.c(26): Detected non-resource "http://localhost:1080/cgi-bin/error.pl?error=badPassword" in "http://localhost:1080/cgi-bin/login.pl"  	[MsgId: MMSG-26574]
Action.c(26): Resource "http://localhost:1080/WebTours/images/mer_login.gif" is in the cache already and will not be downloaded again  	[MsgId: MMSG-26655]
Action.c(26): Error -26366: "Text=User password was correct" not found for web_reg_find  	[MsgId: MERR-26366]
End auto log messages stack.	[MsgId: MMSG-10544]


Start auto log messages stack - Iteration 11.	[MsgId: MMSG-10545]
Action.c(23): Notify: Transaction "T11_Login" started.	[MsgId: MMSG-16999]
Action.c(25): web_reg_find started  	[MsgId: MMSG-26355]
Action.c(25): Registering web_reg_find was successful  	[MsgId: MMSG-26390]
Action.c(26): web_submit_data("login.pl") started  	[MsgId: MMSG-26355]
Action.c(26): Detected non-resource "http://localhost:1080/cgi-bin/nav.pl?username=jojo&password={password}" in "http://localhost:1080/cgi-bin/login.pl"  	[MsgId: MMSG-26574]
Action.c(26): Detected non-resource "http://localhost:1080/cgi-bin/error.pl?error=badPassword" in "http://localhost:1080/cgi-bin/login.pl"  	[MsgId: MMSG-26574]
Action.c(26): Resource "http://localhost:1080/WebTours/images/mer_login.gif" is in the cache already and will not be downloaded again  	[MsgId: MMSG-26655]
Action.c(26): Error -26366: "Text=User password was correct" not found for web_reg_find  	[MsgId: MERR-26366]
End auto log messages stack.	[MsgId: MMSG-10544]


Start auto log messages stack - Iteration 12.	[MsgId: MMSG-10545]
Action.c(23): Notify: Transaction "T11_Login" started.	[MsgId: MMSG-16999]
Action.c(25): web_reg_find started  	[MsgId: MMSG-26355]
Action.c(25): Registering web_reg_find was successful  	[MsgId: MMSG-26390]
Action.c(26): web_submit_data("login.pl") started  	[MsgId: MMSG-26355]
Action.c(26): Detected non-resource "http://localhost:1080/cgi-bin/nav.pl?username=jojo&password={password}" in "http://localhost:1080/cgi-bin/login.pl"  	[MsgId: MMSG-26574]
Action.c(26): Detected non-resource "http://localhost:1080/cgi-bin/error.pl?error=badPassword" in "http://localhost:1080/cgi-bin/login.pl"  	[MsgId: MMSG-26574]
Action.c(26): Resource "http://localhost:1080/WebTours/images/mer_login.gif" is in the cache already and will not be downloaded again  	[MsgId: MMSG-26655]
Action.c(26): Error -26366: "Text=User password was correct" not found for web_reg_find  	[MsgId: MERR-26366]
End auto log messages stack.	[MsgId: MMSG-10544]


Start auto log messages stack - Iteration 13.	[MsgId: MMSG-10545]
Action.c(23): Notify: Transaction "T11_Login" started.	[MsgId: MMSG-16999]
Action.c(25): web_reg_find started  	[MsgId: MMSG-26355]
Action.c(25): Registering web_reg_find was successful  	[MsgId: MMSG-26390]
Action.c(26): web_submit_data("login.pl") started  	[MsgId: MMSG-26355]
Action.c(26): Detected non-resource "http://localhost:1080/cgi-bin/nav.pl?username=jojo&password={password}" in "http://localhost:1080/cgi-bin/login.pl"  	[MsgId: MMSG-26574]
Action.c(26): Detected non-resource "http://localhost:1080/cgi-bin/error.pl?error=badPassword" in "http://localhost:1080/cgi-bin/login.pl"  	[MsgId: MMSG-26574]
Action.c(26): Resource "http://localhost:1080/WebTours/images/mer_login.gif" is in the cache already and will not be downloaded again  	[MsgId: MMSG-26655]
Action.c(26): Error -26366: "Text=User password was correct" not found for web_reg_find  	[MsgId: MERR-26366]
End auto log messages stack.	[MsgId: MMSG-10544]


Start auto log messages stack - Iteration 14.	[MsgId: MMSG-10545]
Action.c(23): Notify: Transaction "T11_Login" started.	[MsgId: MMSG-16999]
Action.c(25): web_reg_find started  	[MsgId: MMSG-26355]
Action.c(25): Registering web_reg_find was successful  	[MsgId: MMSG-26390]
Action.c(26): web_submit_data("login.pl") started  	[MsgId: MMSG-26355]
Action.c(26): Detected non-resource "http://localhost:1080/cgi-bin/nav.pl?username=jojo&password={password}" in "http://localhost:1080/cgi-bin/login.pl"  	[MsgId: MMSG-26574]
Action.c(26): Detected non-resource "http://localhost:1080/cgi-bin/error.pl?error=badPassword" in "http://localhost:1080/cgi-bin/login.pl"  	[MsgId: MMSG-26574]
Action.c(26): Resource "http://localhost:1080/WebTours/images/mer_login.gif" is in the cache already and will not be downloaded again  	[MsgId: MMSG-26655]
Action.c(26): Error -26366: "Text=User password was correct" not found for web_reg_find  	[MsgId: MERR-26366]
End auto log messages stack.	[MsgId: MMSG-10544]


Start auto log messages stack - Iteration 15.	[MsgId: MMSG-10545]
Action.c(23): Notify: Transaction "T11_Login" started.	[MsgId: MMSG-16999]
Action.c(25): web_reg_find started  	[MsgId: MMSG-26355]
Action.c(25): Registering web_reg_find was successful  	[MsgId: MMSG-26390]
Action.c(26): web_submit_data("login.pl") started  	[MsgId: MMSG-26355]
Action.c(26): Detected non-resource "http://localhost:1080/cgi-bin/nav.pl?username=jojo&password={password}" in "http://localhost:1080/cgi-bin/login.pl"  	[MsgId: MMSG-26574]
Action.c(26): Detected non-resource "http://localhost:1080/cgi-bin/error.pl?error=badPassword" in "http://localhost:1080/cgi-bin/login.pl"  	[MsgId: MMSG-26574]
Action.c(26): Resource "http://localhost:1080/WebTours/images/mer_login.gif" is in the cache already and will not be downloaded again  	[MsgId: MMSG-26655]
Action.c(26): Error -26366: "Text=User password was correct" not found for web_reg_find  	[MsgId: MERR-26366]
End auto log messages stack.	[MsgId: MMSG-10544]


Start auto log messages stack - Iteration 16.	[MsgId: MMSG-10545]
Action.c(23): Notify: Transaction "T11_Login" started.	[MsgId: MMSG-16999]
Action.c(25): web_reg_find started  	[MsgId: MMSG-26355]
Action.c(25): Registering web_reg_find was successful  	[MsgId: MMSG-26390]
Action.c(26): web_submit_data("login.pl") started  	[MsgId: MMSG-26355]
Action.c(26): Detected non-resource "http://localhost:1080/cgi-bin/nav.pl?username=jojo&password={password}" in "http://localhost:1080/cgi-bin/login.pl"  	[MsgId: MMSG-26574]
Action.c(26): Detected non-resource "http://localhost:1080/cgi-bin/error.pl?error=badPassword" in "http://localhost:1080/cgi-bin/login.pl"  	[MsgId: MMSG-26574]
Action.c(26): Resource "http://localhost:1080/WebTours/images/mer_login.gif" is in the cache already and will not be downloaded again  	[MsgId: MMSG-26655]
Action.c(26): Error -26366: "Text=User password was correct" not found for web_reg_find  	[MsgId: MERR-26366]
End auto log messages stack.	[MsgId: MMSG-10544]


Start auto log messages stack - Iteration 17.	[MsgId: MMSG-10545]
Action.c(23): Notify: Transaction "T11_Login" started.	[MsgId: MMSG-16999]
Action.c(25): web_reg_find started  	[MsgId: MMSG-26355]
Action.c(25): Registering web_reg_find was successful  	[MsgId: MMSG-26390]
Action.c(26): web_submit_data("login.pl") started  	[MsgId: MMSG-26355]
Action.c(26): Detected non-resource "http://localhost:1080/cgi-bin/nav.pl?username=jojo&password={password}" in "http://localhost:1080/cgi-bin/login.pl"  	[MsgId: MMSG-26574]
Action.c(26): Detected non-resource "http://localhost:1080/cgi-bin/error.pl?error=badPassword" in "http://localhost:1080/cgi-bin/login.pl"  	[MsgId: MMSG-26574]
Action.c(26): Resource "http://localhost:1080/WebTours/images/mer_login.gif" is in the cache already and will not be downloaded again  	[MsgId: MMSG-26655]
Action.c(26): Error -26366: "Text=User password was correct" not found for web_reg_find  	[MsgId: MERR-26366]
End auto log messages stack.	[MsgId: MMSG-10544]


Start auto log messages stack - Iteration 18.	[MsgId: MMSG-10545]
Action.c(23): Notify: Transaction "T11_Login" started.	[MsgId: MMSG-16999]
Action.c(25): web_reg_find started  	[MsgId: MMSG-26355]
Action.c(25): Registering web_reg_find was successful  	[MsgId: MMSG-26390]
Action.c(26): web_submit_data("login.pl") started  	[MsgId: MMSG-26355]
Action.c(26): Detected non-resource "http://localhost:1080/cgi-bin/nav.pl?username=jojo&password={password}" in "http://localhost:1080/cgi-bin/login.pl"  	[MsgId: MMSG-26574]
Action.c(26): Detected non-resource "http://localhost:1080/cgi-bin/error.pl?error=badPassword" in "http://localhost:1080/cgi-bin/login.pl"  	[MsgId: MMSG-26574]
Action.c(26): Resource "http://localhost:1080/WebTours/images/mer_login.gif" is in the cache already and will not be downloaded again  	[MsgId: MMSG-26655]
Action.c(26): Error -26366: "Text=User password was correct" not found for web_reg_find  	[MsgId: MERR-26366]
End auto log messages stack.	[MsgId: MMSG-10544]


Start auto log messages stack - Iteration 19.	[MsgId: MMSG-10545]
Action.c(23): Notify: Transaction "T11_Login" started.	[MsgId: MMSG-16999]
Action.c(25): web_reg_find started  	[MsgId: MMSG-26355]
Action.c(25): Registering web_reg_find was successful  	[MsgId: MMSG-26390]
Action.c(26): web_submit_data("login.pl") started  	[MsgId: MMSG-26355]
Action.c(26): Detected non-resource "http://localhost:1080/cgi-bin/nav.pl?username=jojo&password={password}" in "http://localhost:1080/cgi-bin/login.pl"  	[MsgId: MMSG-26574]
Action.c(26): Detected non-resource "http://localhost:1080/cgi-bin/error.pl?error=badPassword" in "http://localhost:1080/cgi-bin/login.pl"  	[MsgId: MMSG-26574]
Action.c(26): Resource "http://localhost:1080/WebTours/images/mer_login.gif" is in the cache already and will not be downloaded again  	[MsgId: MMSG-26655]
Action.c(26): Error -26366: "Text=User password was correct" not found for web_reg_find  	[MsgId: MERR-26366]
End auto log messages stack.	[MsgId: MMSG-10544]


Start auto log messages stack - Iteration 20.	[MsgId: MMSG-10545]
Action.c(23): Notify: Transaction "T11_Login" started.	[MsgId: MMSG-16999]
Action.c(25): web_reg_find started  	[MsgId: MMSG-26355]
Action.c(25): Registering web_reg_find was successful  	[MsgId: MMSG-26390]
Action.c(26): web_submit_data("login.pl") started  	[MsgId: MMSG-26355]
Action.c(26): Detected non-resource "http://localhost:1080/cgi-bin/nav.pl?username=jojo&password={password}" in "http://localhost:1080/cgi-bin/login.pl"  	[MsgId: MMSG-26574]
Action.c(26): Detected non-resource "http://localhost:1080/cgi-bin/error.pl?error=badPassword" in "http://localhost:1080/cgi-bin/login.pl"  	[MsgId: MMSG-26574]
Action.c(26): Resource "http://localhost:1080/WebTours/images/mer_login.gif" is in the cache already and will not be downloaded again  	[MsgId: MMSG-26655]
Action.c(26): Error -26366: "Text=User password was correct" not found for web_reg_find  	[MsgId: MERR-26366]
End auto log messages stack.	[MsgId: MMSG-10544]


Start auto log messages stack - Iteration 21.	[MsgId: MMSG-10545]
Action.c(23): Notify: Transaction "T11_Login" started.	[MsgId: MMSG-16999]
Action.c(25): web_reg_find started  	[MsgId: MMSG-26355]
Action.c(25): Registering web_reg_find was successful  	[MsgId: MMSG-26390]
Action.c(26): web_submit_data("login.pl") started  	[MsgId: MMSG-26355]
Action.c(26): Detected non-resource "http://localhost:1080/cgi-bin/nav.pl?username=jojo&password={password}" in "http://localhost:1080/cgi-bin/login.pl"  	[MsgId: MMSG-26574]
Action.c(26): Detected non-resource "http://localhost:1080/cgi-bin/error.pl?error=badPassword" in "http://localhost:1080/cgi-bin/login.pl"  	[MsgId: MMSG-26574]
Action.c(26): Resource "http://localhost:1080/WebTours/images/mer_login.gif" is in the cache already and will not be downloaded again  	[MsgId: MMSG-26655]
Action.c(26): Error -26366: "Text=User password was correct" not found for web_reg_find  	[MsgId: MERR-26366]
End auto log messages stack.	[MsgId: MMSG-10544]


Start auto log messages stack - Iteration 22.	[MsgId: MMSG-10545]
Action.c(23): Notify: Transaction "T11_Login" started.	[MsgId: MMSG-16999]
Action.c(25): web_reg_find started  	[MsgId: MMSG-26355]
Action.c(25): Registering web_reg_find was successful  	[MsgId: MMSG-26390]
Action.c(26): web_submit_data("login.pl") started  	[MsgId: MMSG-26355]
Action.c(26): Detected non-resource "http://localhost:1080/cgi-bin/nav.pl?username=jojo&password={password}" in "http://localhost:1080/cgi-bin/login.pl"  	[MsgId: MMSG-26574]
Action.c(26): Detected non-resource "http://localhost:1080/cgi-bin/error.pl?error=badPassword" in "http://localhost:1080/cgi-bin/login.pl"  	[MsgId: MMSG-26574]
Action.c(26): Resource "http://localhost:1080/WebTours/images/mer_login.gif" is in the cache already and will not be downloaded again  	[MsgId: MMSG-26655]
Action.c(26): Error -26366: "Text=User password was correct" not found for web_reg_find  	[MsgId: MERR-26366]
End auto log messages stack.	[MsgId: MMSG-10544]


Start auto log messages stack - Iteration 23.	[MsgId: MMSG-10545]
Action.c(23): Notify: Transaction "T11_Login" started.	[MsgId: MMSG-16999]
Action.c(25): web_reg_find started  	[MsgId: MMSG-26355]
Action.c(25): Registering web_reg_find was successful  	[MsgId: MMSG-26390]
Action.c(26): web_submit_data("login.pl") started  	[MsgId: MMSG-26355]
Action.c(26): Detected non-resource "http://localhost:1080/cgi-bin/nav.pl?username=jojo&password={password}" in "http://localhost:1080/cgi-bin/login.pl"  	[MsgId: MMSG-26574]
Action.c(26): Detected non-resource "http://localhost:1080/cgi-bin/error.pl?error=badPassword" in "http://localhost:1080/cgi-bin/login.pl"  	[MsgId: MMSG-26574]
Action.c(26): Resource "http://localhost:1080/WebTours/images/mer_login.gif" is in the cache already and will not be downloaded again  	[MsgId: MMSG-26655]
Action.c(26): Error -26366: "Text=User password was correct" not found for web_reg_find  	[MsgId: MERR-26366]
End auto log messages stack.	[MsgId: MMSG-10544]


Start auto log messages stack - Iteration 24.	[MsgId: MMSG-10545]
Action.c(23): Notify: Transaction "T11_Login" started.	[MsgId: MMSG-16999]
Action.c(25): web_reg_find started  	[MsgId: MMSG-26355]
Action.c(25): Registering web_reg_find was successful  	[MsgId: MMSG-26390]
Action.c(26): web_submit_data("login.pl") started  	[MsgId: MMSG-26355]
Action.c(26): Detected non-resource "http://localhost:1080/cgi-bin/nav.pl?username=jojo&password={password}" in "http://localhost:1080/cgi-bin/login.pl"  	[MsgId: MMSG-26574]
Action.c(26): Detected non-resource "http://localhost:1080/cgi-bin/error.pl?error=badPassword" in "http://localhost:1080/cgi-bin/login.pl"  	[MsgId: MMSG-26574]
Action.c(26): Resource "http://localhost:1080/WebTours/images/mer_login.gif" is in the cache already and will not be downloaded again  	[MsgId: MMSG-26655]
Action.c(26): Error -26366: "Text=User password was correct" not found for web_reg_find  	[MsgId: MERR-26366]
End auto log messages stack.	[MsgId: MMSG-10544]


Start auto log messages stack - Iteration 25.	[MsgId: MMSG-10545]
Action.c(23): Notify: Transaction "T11_Login" started.	[MsgId: MMSG-16999]
Action.c(25): web_reg_find started  	[MsgId: MMSG-26355]
Action.c(25): Registering web_reg_find was successful  	[MsgId: MMSG-26390]
Action.c(26): web_submit_data("login.pl") started  	[MsgId: MMSG-26355]
Action.c(26): Detected non-resource "http://localhost:1080/cgi-bin/nav.pl?username=jojo&password={password}" in "http://localhost:1080/cgi-bin/login.pl"  	[MsgId: MMSG-26574]
Action.c(26): Detected non-resource "http://localhost:1080/cgi-bin/error.pl?error=badPassword" in "http://localhost:1080/cgi-bin/login.pl"  	[MsgId: MMSG-26574]
Action.c(26): Resource "http://localhost:1080/WebTours/images/mer_login.gif" is in the cache already and will not be downloaded again  	[MsgId: MMSG-26655]
Action.c(26): Error -26366: "Text=User password was correct" not found for web_reg_find  	[MsgId: MERR-26366]
End auto log messages stack.	[MsgId: MMSG-10544]


Start auto log messages stack - Iteration 26.	[MsgId: MMSG-10545]
Action.c(23): Notify: Transaction "T11_Login" started.	[MsgId: MMSG-16999]
Action.c(25): web_reg_find started  	[MsgId: MMSG-26355]
Action.c(25): Registering web_reg_find was successful  	[MsgId: MMSG-26390]
Action.c(26): web_submit_data("login.pl") started  	[MsgId: MMSG-26355]
Action.c(26): Detected non-resource "http://localhost:1080/cgi-bin/nav.pl?username=jojo&password={password}" in "http://localhost:1080/cgi-bin/login.pl"  	[MsgId: MMSG-26574]
Action.c(26): Detected non-resource "http://localhost:1080/cgi-bin/error.pl?error=badPassword" in "http://localhost:1080/cgi-bin/login.pl"  	[MsgId: MMSG-26574]
Action.c(26): Resource "http://localhost:1080/WebTours/images/mer_login.gif" is in the cache already and will not be downloaded again  	[MsgId: MMSG-26655]
Action.c(26): Error -26366: "Text=User password was correct" not found for web_reg_find  	[MsgId: MERR-26366]
End auto log messages stack.	[MsgId: MMSG-10544]


Start auto log messages stack - Iteration 27.	[MsgId: MMSG-10545]
Action.c(23): Notify: Transaction "T11_Login" started.	[MsgId: MMSG-16999]
Action.c(25): web_reg_find started  	[MsgId: MMSG-26355]
Action.c(25): Registering web_reg_find was successful  	[MsgId: MMSG-26390]
Action.c(26): web_submit_data("login.pl") started  	[MsgId: MMSG-26355]
Action.c(26): Detected non-resource "http://localhost:1080/cgi-bin/nav.pl?username=jojo&password={password}" in "http://localhost:1080/cgi-bin/login.pl"  	[MsgId: MMSG-26574]
Action.c(26): Detected non-resource "http://localhost:1080/cgi-bin/error.pl?error=badPassword" in "http://localhost:1080/cgi-bin/login.pl"  	[MsgId: MMSG-26574]
Action.c(26): Resource "http://localhost:1080/WebTours/images/mer_login.gif" is in the cache already and will not be downloaded again  	[MsgId: MMSG-26655]
Action.c(26): Error -26366: "Text=User password was correct" not found for web_reg_find  	[MsgId: MERR-26366]
End auto log messages stack.	[MsgId: MMSG-10544]


Start auto log messages stack - Iteration 28.	[MsgId: MMSG-10545]
Action.c(23): Notify: Transaction "T11_Login" started.	[MsgId: MMSG-16999]
Action.c(25): web_reg_find started  	[MsgId: MMSG-26355]
Action.c(25): Registering web_reg_find was successful  	[MsgId: MMSG-26390]
Action.c(26): web_submit_data("login.pl") started  	[MsgId: MMSG-26355]
Action.c(26): Detected non-resource "http://localhost:1080/cgi-bin/nav.pl?username=jojo&password={password}" in "http://localhost:1080/cgi-bin/login.pl"  	[MsgId: MMSG-26574]
Action.c(26): Detected non-resource "http://localhost:1080/cgi-bin/error.pl?error=badPassword" in "http://localhost:1080/cgi-bin/login.pl"  	[MsgId: MMSG-26574]
Action.c(26): Resource "http://localhost:1080/WebTours/images/mer_login.gif" is in the cache already and will not be downloaded again  	[MsgId: MMSG-26655]
Action.c(26): Error -26366: "Text=User password was correct" not found for web_reg_find  	[MsgId: MERR-26366]
End auto log messages stack.	[MsgId: MMSG-10544]


Start auto log messages stack - Iteration 29.	[MsgId: MMSG-10545]
Action.c(23): Notify: Transaction "T11_Login" started.	[MsgId: MMSG-16999]
Action.c(25): web_reg_find started  	[MsgId: MMSG-26355]
Action.c(25): Registering web_reg_find was successful  	[MsgId: MMSG-26390]
Action.c(26): web_submit_data("login.pl") started  	[MsgId: MMSG-26355]
Action.c(26): Detected non-resource "http://localhost:1080/cgi-bin/nav.pl?username=jojo&password={password}" in "http://localhost:1080/cgi-bin/login.pl"  	[MsgId: MMSG-26574]
Action.c(26): Detected non-resource "http://localhost:1080/cgi-bin/error.pl?error=badPassword" in "http://localhost:1080/cgi-bin/login.pl"  	[MsgId: MMSG-26574]
Action.c(26): Resource "http://localhost:1080/WebTours/images/mer_login.gif" is in the cache already and will not be downloaded again  	[MsgId: MMSG-26655]
Action.c(26): Error -26366: "Text=User password was correct" not found for web_reg_find  	[MsgId: MERR-26366]
End auto log messages stack.	[MsgId: MMSG-10544]


Start auto log messages stack - Iteration 30.	[MsgId: MMSG-10545]
Action.c(23): Notify: Transaction "T11_Login" started.	[MsgId: MMSG-16999]
Action.c(25): web_reg_find started  	[MsgId: MMSG-26355]
Action.c(25): Registering web_reg_find was successful  	[MsgId: MMSG-26390]
Action.c(26): web_submit_data("login.pl") started  	[MsgId: MMSG-26355]
Action.c(26): Detected non-resource "http://localhost:1080/cgi-bin/nav.pl?username=jojo&password={password}" in "http://localhost:1080/cgi-bin/login.pl"  	[MsgId: MMSG-26574]
Action.c(26): Detected non-resource "http://localhost:1080/cgi-bin/error.pl?error=badPassword" in "http://localhost:1080/cgi-bin/login.pl"  	[MsgId: MMSG-26574]
Action.c(26): Resource "http://localhost:1080/WebTours/images/mer_login.gif" is in the cache already and will not be downloaded again  	[MsgId: MMSG-26655]
Action.c(26): Error -26366: "Text=User password was correct" not found for web_reg_find  	[MsgId: MERR-26366]
End auto log messages stack.	[MsgId: MMSG-10544]


Start auto log messages stack - Iteration 31.	[MsgId: MMSG-10545]
Action.c(23): Notify: Transaction "T11_Login" started.	[MsgId: MMSG-16999]
Action.c(25): web_reg_find started  	[MsgId: MMSG-26355]
Action.c(25): Registering web_reg_find was successful  	[MsgId: MMSG-26390]
Action.c(26): web_submit_data("login.pl") started  	[MsgId: MMSG-26355]
Action.c(26): Detected non-resource "http://localhost:1080/cgi-bin/nav.pl?username=jojo&password={password}" in "http://localhost:1080/cgi-bin/login.pl"  	[MsgId: MMSG-26574]
Action.c(26): Detected non-resource "http://localhost:1080/cgi-bin/error.pl?error=badPassword" in "http://localhost:1080/cgi-bin/login.pl"  	[MsgId: MMSG-26574]
Action.c(26): Resource "http://localhost:1080/WebTours/images/mer_login.gif" is in the cache already and will not be downloaded again  	[MsgId: MMSG-26655]
Action.c(26): Error -26366: "Text=User password was correct" not found for web_reg_find  	[MsgId: MERR-26366]
End auto log messages stack.	[MsgId: MMSG-10544]


Start auto log messages stack - Iteration 32.	[MsgId: MMSG-10545]
Action.c(23): Notify: Transaction "T11_Login" started.	[MsgId: MMSG-16999]
Action.c(25): web_reg_find started  	[MsgId: MMSG-26355]
Action.c(25): Registering web_reg_find was successful  	[MsgId: MMSG-26390]
Action.c(26): web_submit_data("login.pl") started  	[MsgId: MMSG-26355]
Action.c(26): Detected non-resource "http://localhost:1080/cgi-bin/nav.pl?username=jojo&password={password}" in "http://localhost:1080/cgi-bin/login.pl"  	[MsgId: MMSG-26574]
Action.c(26): Detected non-resource "http://localhost:1080/cgi-bin/error.pl?error=badPassword" in "http://localhost:1080/cgi-bin/login.pl"  	[MsgId: MMSG-26574]
Action.c(26): Resource "http://localhost:1080/WebTours/images/mer_login.gif" is in the cache already and will not be downloaded again  	[MsgId: MMSG-26655]
Action.c(26): Error -26366: "Text=User password was correct" not found for web_reg_find  	[MsgId: MERR-26366]
End auto log messages stack.	[MsgId: MMSG-10544]


Start auto log messages stack - Iteration 33.	[MsgId: MMSG-10545]
Action.c(23): Notify: Transaction "T11_Login" started.	[MsgId: MMSG-16999]
Action.c(25): web_reg_find started  	[MsgId: MMSG-26355]
Action.c(25): Registering web_reg_find was successful  	[MsgId: MMSG-26390]
Action.c(26): web_submit_data("login.pl") started  	[MsgId: MMSG-26355]
Action.c(26): Detected non-resource "http://localhost:1080/cgi-bin/nav.pl?username=jojo&password={password}" in "http://localhost:1080/cgi-bin/login.pl"  	[MsgId: MMSG-26574]
Action.c(26): Detected non-resource "http://localhost:1080/cgi-bin/error.pl?error=badPassword" in "http://localhost:1080/cgi-bin/login.pl"  	[MsgId: MMSG-26574]
Action.c(26): Resource "http://localhost:1080/WebTours/images/mer_login.gif" is in the cache already and will not be downloaded again  	[MsgId: MMSG-26655]
Action.c(26): Error -26366: "Text=User password was correct" not found for web_reg_find  	[MsgId: MERR-26366]
End auto log messages stack.	[MsgId: MMSG-10544]


Start auto log messages stack - Iteration 34.	[MsgId: MMSG-10545]
Action.c(23): Notify: Transaction "T11_Login" started.	[MsgId: MMSG-16999]
Action.c(25): web_reg_find started  	[MsgId: MMSG-26355]
Action.c(25): Registering web_reg_find was successful  	[MsgId: MMSG-26390]
Action.c(26): web_submit_data("login.pl") started  	[MsgId: MMSG-26355]
Action.c(26): Detected non-resource "http://localhost:1080/cgi-bin/nav.pl?username=jojo&password={password}" in "http://localhost:1080/cgi-bin/login.pl"  	[MsgId: MMSG-26574]
Action.c(26): Detected non-resource "http://localhost:1080/cgi-bin/error.pl?error=badPassword" in "http://localhost:1080/cgi-bin/login.pl"  	[MsgId: MMSG-26574]
Action.c(26): Resource "http://localhost:1080/WebTours/images/mer_login.gif" is in the cache already and will not be downloaded again  	[MsgId: MMSG-26655]
Action.c(26): Error -26366: "Text=User password was correct" not found for web_reg_find  	[MsgId: MERR-26366]
End auto log messages stack.	[MsgId: MMSG-10544]


Start auto log messages stack - Iteration 35.	[MsgId: MMSG-10545]
Action.c(23): Notify: Transaction "T11_Login" started.	[MsgId: MMSG-16999]
Action.c(25): web_reg_find started  	[MsgId: MMSG-26355]
Action.c(25): Registering web_reg_find was successful  	[MsgId: MMSG-26390]
Action.c(26): web_submit_data("login.pl") started  	[MsgId: MMSG-26355]
Action.c(26): Detected non-resource "http://localhost:1080/cgi-bin/nav.pl?username=jojo&password={password}" in "http://localhost:1080/cgi-bin/login.pl"  	[MsgId: MMSG-26574]
Action.c(26): Detected non-resource "http://localhost:1080/cgi-bin/error.pl?error=badPassword" in "http://localhost:1080/cgi-bin/login.pl"  	[MsgId: MMSG-26574]
Action.c(26): Resource "http://localhost:1080/WebTours/images/mer_login.gif" is in the cache already and will not be downloaded again  	[MsgId: MMSG-26655]
Action.c(26): Error -26366: "Text=User password was correct" not found for web_reg_find  	[MsgId: MERR-26366]
End auto log messages stack.	[MsgId: MMSG-10544]


Start auto log messages stack - Iteration 36.	[MsgId: MMSG-10545]
Action.c(23): Notify: Transaction "T11_Login" started.	[MsgId: MMSG-16999]
Action.c(25): web_reg_find started  	[MsgId: MMSG-26355]
Action.c(25): Registering web_reg_find was successful  	[MsgId: MMSG-26390]
Action.c(26): web_submit_data("login.pl") started  	[MsgId: MMSG-26355]
Action.c(26): Detected non-resource "http://localhost:1080/cgi-bin/nav.pl?username=jojo&password={password}" in "http://localhost:1080/cgi-bin/login.pl"  	[MsgId: MMSG-26574]
Action.c(26): Detected non-resource "http://localhost:1080/cgi-bin/error.pl?error=badPassword" in "http://localhost:1080/cgi-bin/login.pl"  	[MsgId: MMSG-26574]
Action.c(26): Resource "http://localhost:1080/WebTours/images/mer_login.gif" is in the cache already and will not be downloaded again  	[MsgId: MMSG-26655]
Action.c(26): Error -26366: "Text=User password was correct" not found for web_reg_find  	[MsgId: MERR-26366]
End auto log messages stack.	[MsgId: MMSG-10544]


Start auto log messages stack - Iteration 37.	[MsgId: MMSG-10545]
Action.c(23): Notify: Transaction "T11_Login" started.	[MsgId: MMSG-16999]
Action.c(25): web_reg_find started  	[MsgId: MMSG-26355]
Action.c(25): Registering web_reg_find was successful  	[MsgId: MMSG-26390]
Action.c(26): web_submit_data("login.pl") started  	[MsgId: MMSG-26355]
Action.c(26): Detected non-resource "http://localhost:1080/cgi-bin/nav.pl?username=jojo&password={password}" in "http://localhost:1080/cgi-bin/login.pl"  	[MsgId: MMSG-26574]
Action.c(26): Detected non-resource "http://localhost:1080/cgi-bin/error.pl?error=badPassword" in "http://localhost:1080/cgi-bin/login.pl"  	[MsgId: MMSG-26574]
Action.c(26): Resource "http://localhost:1080/WebTours/images/mer_login.gif" is in the cache already and will not be downloaded again  	[MsgId: MMSG-26655]
Action.c(26): Error -26366: "Text=User password was correct" not found for web_reg_find  	[MsgId: MERR-26366]
End auto log messages stack.	[MsgId: MMSG-10544]


Start auto log messages stack - Iteration 38.	[MsgId: MMSG-10545]
Action.c(23): Notify: Transaction "T11_Login" started.	[MsgId: MMSG-16999]
Action.c(25): web_reg_find started  	[MsgId: MMSG-26355]
Action.c(25): Registering web_reg_find was successful  	[MsgId: MMSG-26390]
Action.c(26): web_submit_data("login.pl") started  	[MsgId: MMSG-26355]
Action.c(26): Detected non-resource "http://localhost:1080/cgi-bin/nav.pl?username=jojo&password={password}" in "http://localhost:1080/cgi-bin/login.pl"  	[MsgId: MMSG-26574]
Action.c(26): Detected non-resource "http://localhost:1080/cgi-bin/error.pl?error=badPassword" in "http://localhost:1080/cgi-bin/login.pl"  	[MsgId: MMSG-26574]
Action.c(26): Resource "http://localhost:1080/WebTours/images/mer_login.gif" is in the cache already and will not be downloaded again  	[MsgId: MMSG-26655]
Action.c(26): Error -26366: "Text=User password was correct" not found for web_reg_find  	[MsgId: MERR-26366]
End auto log messages stack.	[MsgId: MMSG-10544]


Start auto log messages stack - Iteration 39.	[MsgId: MMSG-10545]
Action.c(23): Notify: Transaction "T11_Login" started.	[MsgId: MMSG-16999]
Action.c(25): web_reg_find started  	[MsgId: MMSG-26355]
Action.c(25): Registering web_reg_find was successful  	[MsgId: MMSG-26390]
Action.c(26): web_submit_data("login.pl") started  	[MsgId: MMSG-26355]
Action.c(26): Detected non-resource "http://localhost:1080/cgi-bin/nav.pl?username=jojo&password={password}" in "http://localhost:1080/cgi-bin/login.pl"  	[MsgId: MMSG-26574]
Action.c(26): Detected non-resource "http://localhost:1080/cgi-bin/error.pl?error=badPassword" in "http://localhost:1080/cgi-bin/login.pl"  	[MsgId: MMSG-26574]
Action.c(26): Resource "http://localhost:1080/WebTours/images/mer_login.gif" is in the cache already and will not be downloaded again  	[MsgId: MMSG-26655]
Action.c(26): Error -26366: "Text=User password was correct" not found for web_reg_find  	[MsgId: MERR-26366]
End auto log messages stack.	[MsgId: MMSG-10544]


Start auto log messages stack - Iteration 40.	[MsgId: MMSG-10545]
Action.c(23): Notify: Transaction "T11_Login" started.	[MsgId: MMSG-16999]
Action.c(25): web_reg_find started  	[MsgId: MMSG-26355]
Action.c(25): Registering web_reg_find was successful  	[MsgId: MMSG-26390]
Action.c(26): web_submit_data("login.pl") started  	[MsgId: MMSG-26355]
Action.c(26): Detected non-resource "http://localhost:1080/cgi-bin/nav.pl?username=jojo&password={password}" in "http://localhost:1080/cgi-bin/login.pl"  	[MsgId: MMSG-26574]
Action.c(26): Detected non-resource "http://localhost:1080/cgi-bin/error.pl?error=badPassword" in "http://localhost:1080/cgi-bin/login.pl"  	[MsgId: MMSG-26574]
Action.c(26): Resource "http://localhost:1080/WebTours/images/mer_login.gif" is in the cache already and will not be downloaded again  	[MsgId: MMSG-26655]
Action.c(26): Error -26366: "Text=User password was correct" not found for web_reg_find  	[MsgId: MERR-26366]
End auto log messages stack.	[MsgId: MMSG-10544]


Start auto log messages stack - Iteration 41.	[MsgId: MMSG-10545]
Action.c(23): Notify: Transaction "T11_Login" started.	[MsgId: MMSG-16999]
Action.c(25): web_reg_find started  	[MsgId: MMSG-26355]
Action.c(25): Registering web_reg_find was successful  	[MsgId: MMSG-26390]
Action.c(26): web_submit_data("login.pl") started  	[MsgId: MMSG-26355]
Action.c(26): Detected non-resource "http://localhost:1080/cgi-bin/nav.pl?username=jojo&password={password}" in "http://localhost:1080/cgi-bin/login.pl"  	[MsgId: MMSG-26574]
Action.c(26): Detected non-resource "http://localhost:1080/cgi-bin/error.pl?error=badPassword" in "http://localhost:1080/cgi-bin/login.pl"  	[MsgId: MMSG-26574]
Action.c(26): Resource "http://localhost:1080/WebTours/images/mer_login.gif" is in the cache already and will not be downloaded again  	[MsgId: MMSG-26655]
Action.c(26): Error -26366: "Text=User password was correct" not found for web_reg_find  	[MsgId: MERR-26366]
End auto log messages stack.	[MsgId: MMSG-10544]


Start auto log messages stack - Iteration 42.	[MsgId: MMSG-10545]
Action.c(23): Notify: Transaction "T11_Login" started.	[MsgId: MMSG-16999]
Action.c(25): web_reg_find started  	[MsgId: MMSG-26355]
Action.c(25): Registering web_reg_find was successful  	[MsgId: MMSG-26390]
Action.c(26): web_submit_data("login.pl") started  	[MsgId: MMSG-26355]
Action.c(26): Detected non-resource "http://localhost:1080/cgi-bin/nav.pl?username=jojo&password={password}" in "http://localhost:1080/cgi-bin/login.pl"  	[MsgId: MMSG-26574]
Action.c(26): Detected non-resource "http://localhost:1080/cgi-bin/error.pl?error=badPassword" in "http://localhost:1080/cgi-bin/login.pl"  	[MsgId: MMSG-26574]
Action.c(26): Resource "http://localhost:1080/WebTours/images/mer_login.gif" is in the cache already and will not be downloaded again  	[MsgId: MMSG-26655]
Action.c(26): Error -26366: "Text=User password was correct" not found for web_reg_find  	[MsgId: MERR-26366]
End auto log messages stack.	[MsgId: MMSG-10544]


Start auto log messages stack - Iteration 43.	[MsgId: MMSG-10545]
Action.c(23): Notify: Transaction "T11_Login" started.	[MsgId: MMSG-16999]
Action.c(25): web_reg_find started  	[MsgId: MMSG-26355]
Action.c(25): Registering web_reg_find was successful  	[MsgId: MMSG-26390]
Action.c(26): web_submit_data("login.pl") started  	[MsgId: MMSG-26355]
Action.c(26): Detected non-resource "http://localhost:1080/cgi-bin/nav.pl?username=jojo&password={password}" in "http://localhost:1080/cgi-bin/login.pl"  	[MsgId: MMSG-26574]
Action.c(26): Detected non-resource "http://localhost:1080/cgi-bin/error.pl?error=badPassword" in "http://localhost:1080/cgi-bin/login.pl"  	[MsgId: MMSG-26574]
Action.c(26): Resource "http://localhost:1080/WebTours/images/mer_login.gif" is in the cache already and will not be downloaded again  	[MsgId: MMSG-26655]
Action.c(26): Error -26366: "Text=User password was correct" not found for web_reg_find  	[MsgId: MERR-26366]
End auto log messages stack.	[MsgId: MMSG-10544]


Start auto log messages stack - Iteration 44.	[MsgId: MMSG-10545]
Action.c(23): Notify: Transaction "T11_Login" started.	[MsgId: MMSG-16999]
Action.c(25): web_reg_find started  	[MsgId: MMSG-26355]
Action.c(25): Registering web_reg_find was successful  	[MsgId: MMSG-26390]
Action.c(26): web_submit_data("login.pl") started  	[MsgId: MMSG-26355]
Action.c(26): Detected non-resource "http://localhost:1080/cgi-bin/nav.pl?username=jojo&password={password}" in "http://localhost:1080/cgi-bin/login.pl"  	[MsgId: MMSG-26574]
Action.c(26): Detected non-resource "http://localhost:1080/cgi-bin/error.pl?error=badPassword" in "http://localhost:1080/cgi-bin/login.pl"  	[MsgId: MMSG-26574]
Action.c(26): Resource "http://localhost:1080/WebTours/images/mer_login.gif" is in the cache already and will not be downloaded again  	[MsgId: MMSG-26655]
Action.c(26): Error -26366: "Text=User password was correct" not found for web_reg_find  	[MsgId: MERR-26366]
End auto log messages stack.	[MsgId: MMSG-10544]


Start auto log messages stack - Iteration 45.	[MsgId: MMSG-10545]
Action.c(23): Notify: Transaction "T11_Login" started.	[MsgId: MMSG-16999]
Action.c(25): web_reg_find started  	[MsgId: MMSG-26355]
Action.c(25): Registering web_reg_find was successful  	[MsgId: MMSG-26390]
Action.c(26): web_submit_data("login.pl") started  	[MsgId: MMSG-26355]
Action.c(26): Detected non-resource "http://localhost:1080/cgi-bin/nav.pl?username=jojo&password={password}" in "http://localhost:1080/cgi-bin/login.pl"  	[MsgId: MMSG-26574]
Action.c(26): Detected non-resource "http://localhost:1080/cgi-bin/error.pl?error=badPassword" in "http://localhost:1080/cgi-bin/login.pl"  	[MsgId: MMSG-26574]
Action.c(26): Resource "http://localhost:1080/WebTours/images/mer_login.gif" is in the cache already and will not be downloaded again  	[MsgId: MMSG-26655]
Action.c(26): Error -26366: "Text=User password was correct" not found for web_reg_find  	[MsgId: MERR-26366]
End auto log messages stack.	[MsgId: MMSG-10544]


Start auto log messages stack - Iteration 46.	[MsgId: MMSG-10545]
Action.c(23): Notify: Transaction "T11_Login" started.	[MsgId: MMSG-16999]
Action.c(25): web_reg_find started  	[MsgId: MMSG-26355]
Action.c(25): Registering web_reg_find was successful  	[MsgId: MMSG-26390]
Action.c(26): web_submit_data("login.pl") started  	[MsgId: MMSG-26355]
Action.c(26): Detected non-resource "http://localhost:1080/cgi-bin/nav.pl?username=jojo&password={password}" in "http://localhost:1080/cgi-bin/login.pl"  	[MsgId: MMSG-26574]
Action.c(26): Detected non-resource "http://localhost:1080/cgi-bin/error.pl?error=badPassword" in "http://localhost:1080/cgi-bin/login.pl"  	[MsgId: MMSG-26574]
Action.c(26): Resource "http://localhost:1080/WebTours/images/mer_login.gif" is in the cache already and will not be downloaded again  	[MsgId: MMSG-26655]
Action.c(26): Error -26366: "Text=User password was correct" not found for web_reg_find  	[MsgId: MERR-26366]
End auto log messages stack.	[MsgId: MMSG-10544]


Start auto log messages stack - Iteration 47.	[MsgId: MMSG-10545]
Action.c(23): Notify: Transaction "T11_Login" started.	[MsgId: MMSG-16999]
Action.c(25): web_reg_find started  	[MsgId: MMSG-26355]
Action.c(25): Registering web_reg_find was successful  	[MsgId: MMSG-26390]
Action.c(26): web_submit_data("login.pl") started  	[MsgId: MMSG-26355]
Action.c(26): Detected non-resource "http://localhost:1080/cgi-bin/nav.pl?username=jojo&password={password}" in "http://localhost:1080/cgi-bin/login.pl"  	[MsgId: MMSG-26574]
Action.c(26): Detected non-resource "http://localhost:1080/cgi-bin/error.pl?error=badPassword" in "http://localhost:1080/cgi-bin/login.pl"  	[MsgId: MMSG-26574]
Action.c(26): Resource "http://localhost:1080/WebTours/images/mer_login.gif" is in the cache already and will not be downloaded again  	[MsgId: MMSG-26655]
Action.c(26): Error -26366: "Text=User password was correct" not found for web_reg_find  	[MsgId: MERR-26366]
End auto log messages stack.	[MsgId: MMSG-10544]


